3047 3000
10986 11514
23521 24126
16623 17529
9299 9336
8763 9649
22639 23444
5184 5765
30942 31072
10637 10866
7759 8523
16117 16769
32703 32744
21486 22324
11767 11871
16951 16954
10326 11079
6334 7291
11984 12067
7616 7936
30007 30757
15410 16020
7097 7908
24672 25397
4267 5004
2004 2911
16261 16270
2169 3067
12589 12648
21248 21600
376 1170
13443 14267
19950 20036
23400 23973
461 486
9097 9584
9041 9326
28049 28645
1587 1630
1449 2025
1903 2766
23893 24117
13899 14341
7320 8244
3733 3772
20063 20338
10284 10823
11293 11840
32706 32977
19634 19787
15583 16382
14993 15807
6441 7225
13602 13805
19684 19954
8549 8851
9397 9928
28121 28206
9387 10274
28060 28750
23679 24219
28371 28619
20763 21172
4172 4754
8026 8924
6754 7251
15375 16061
24353 24935
30024 30553
26027 26379
6356 6758
25818 26369
25602 26201
20775 20961
8364 8980
459 793
4980 5470
12580 13515
8014 8243
23641 24383
16959 17815
17985 18645
20324 21272
8577 8824
2613 2707
9717 10167
1803 1907
5458 5763
29920 30210
29449 30159
13398 13747
29550 30411
24571 25220
26137 26392
10700 11436
8076 8561
12792 13194
9751 10242
15078 15376
9721 9857
24184 25073
28872 29570
10386 10875
3091 3354
15062 15186
4933 5334
23986 24545
28876 29798
8861 9470
12923 13612
31645 32061
32045 32952
27661 28052
25516 26377
13981 14645
9425 9642
11418 12106
5356 5908
624 1507
13925 14612
19821 20043
17828 18088
3783 4411
15407 15746
28641 29435
3858 4526
5066 5505
11396 11675
8710 8916
31943 32610
28306 28497
27216 27619
25378 25711
13608 14099
3501 4333
5522 6307
30763 30833
29166 29477
11678 12139
11229 11805
4175 4404
18598 19087
25946 26902
30937 31915
14700 15301
17202 17263
716 1185
22207 22685
9368 9399
18501 19056
14162 14489
16097 17040
15003 15224
21483 21852
5181 5288
10783 11521
111 111
32767 33166
22357 22923
16755 16847
19399 19862
23731 24717
1875 2718
24166 25031
18309 19058
6412 6686
24677 25253
23449 24327
18498 19021
31586 32325
4270 4402
13629 13966
28874 29670
10724 10931
17604 17923
31131 31175
9885 10789
17171 17582
1072 1106
2445 2610
22128 23025
17986 18951
24049 24283
10499 10756
2218 3179
19485 20002
25849 26635
24447 25203
17895 18033
3871 4848
31918 31932
10393 10827
19320 19564
17433 18224
30058 30875
29820 30134
4065 4939
17074 17513
30971 31682
30823 31204
5978 6559
32226 32584
18212 18975
20269 20593
6222 6366
19574 20138
16923 17286
27061 27332
28639 29433
399 1077
19209 20088
20346 21073
26208 26424
21795 21857
28301 28627
12045 12474
17370 18171
7290 8160
24889 25402
16014 16486
13448 13448
21170 22019
19475 20305
27703 28138
32091 32096
28987 29797
26902 27028
24273 25197
118 409
6236 6462
28590 28741
17980 18731
4531 4862
1965 2187
20799 20962
31723 32300
6940 7428
26267 26466
17823 18150
29542 30291
4467 4853
23783 24568
10135 11044
31431 31497
14506 14805
31526 32106
8551 8721
19261 19600
14444 14929
29506 29648
10559 10616
27020 27138
146 372
8440 8983
19910 20356
22155 22529
32175 32457
25177 25564
21143 21707
4005 4494
7557 7829
16457 17021
7359 7478
24409 25003
9101 9507
26371 26680
28480 29235
32185 33169
19827 20487
28307 29139
30609 30908
238 651
18327 18500
29530 30027
10779 11654
7603 8003
29070 29377
32397 32734
28350 29301
14293 14849
29342 30179
16054 17018
7498 7531
17082 17321
7750 7822
4146 4653
18950 19860
29143 29754
10420 10487
21937 22420
25133 25743
14648 15600
11085 11487
8378 9301
6252 6548
7676 8348
31016 31372
10788 10926
8549 8896
22230 22816
17299 17408
6814 7381
16432 16952
15502 15854
3725 4298
9000 9736
8916 9133
2686 3551
30026 30344
26007 26539
3794 3797
28437 28932
16051 16653
11541 11893
23962 24635
27735 28336
16867 17814
30367 30636
18708 18827
2138 2797
6826 6955
18821 19261
2073 2433
19915 20020
11790 11974
24557 25023
15095 15999
7271 7559
32453 33268
8017 8167
10224 10355
18819 19089
20924 21590
24828 25721
18364 18976
4229 4961
8852 9397
2705 2974
8706 9393
21352 21563
26656 27382
30340 31089
31203 31483
11067 11487
10472 11075
11423 11826
19056 19649
18595 19577
24489 25363
27263 28005
4911 5031
9301 9946
12242 13165
31764 31984
29850 30376
32669 33562
27144 28114
25636 26602
7327 8184
13529 13964
24739 24841
21704 22639
801 948
22526 22834
3119 3898
30702 30847
30325 30838
10003 10646
32748 33253
2006 2022
30694 30883
19121 19393
11855 12697
14229 14417
26674 27023
26249 26765
32126 32942
27541 28440
1035 1365
31198 31348
11224 11949
16914 17903
12439 12784
4102 4183
1131 1420
27550 28485
6128 6565
16622 16729
25468 25732
21406 21686
5540 6455
403 890
2818 3667
6347 6514
29494 29850
17545 18133
18219 19035
21939 22286
29852 30467
27256 27276
25302 25483
14645 15390
13503 13515
666 1465
27671 28266
28425 29091
20990 21152
23358 24171
18614 19216
22581 23519
27307 28269
25160 25807
6832 7357
5017 5939
27020 27094
21935 22798
29877 30257
22116 22659
8795 9367
17406 18329
24232 24419
5276 5997
15943 16627
23764 23898
10787 11628
31130 32031
30833 31630
4451 4602
5872 6562
12427 13262
10863 11251
1268 1452
18321 18775
31985 32362
10445 10736
19810 20738
1464 1992
8992 9142
28551 28839
923 1652
22223 23158
8385 8921
7824 8315
9250 10189
24690 25370
13650 14488
17998 18970
16271 17238
7408 7443
15012 15634
1052 1079
31501 32170
24526 25463
19804 19948
28358 28820
24796 25547
10820 10833
17779 18356
21265 22159
205 857
20414 20414
32438 32536
16432 17354
24776 25613
27229 27816
28999 29910
25680 25994
15689 16332
8051 8619
6682 7138
14605 15283
6622 6917
13322 13963
13176 13731
32763 32832
8619 9492
29021 29237
15743 16391
3870 3956
22503 22561
22877 23819
22176 22843
28018 28996
6236 6990
11054 11458
25632 25958
16227 17083
26603 27165
14247 14628
2712 2964
854 1846
5381 6208
1494 2456
30325 30332
7711 7935
10291 10592
18298 18758
29817 30620
14216 15202
9359 9904
7559 7589
23095 23648
26321 27221
6217 7145
11429 12124
16027 16272
12074 12464
32035 32948
433 438
608 792
19515 19595
26869 26980
17979 18384
10392 10646
20125 20183
3626 4363
17670 17994
32551 33208
2142 2536
3137 3545
16012 16125
5960 6093
18816 19793
4173 5041
3447 3855
3591 4105
27770 28152
17782 18526
6952 7521
9413 9698
12982 13576
5493 5646
9268 9339
10680 10935
28946 29852
14619 15046
19682 20140
12392 12397
3167 3543
6347 6719
1455 1524
6707 7297
17893 17895
31995 32785
16330 16442
28362 28474
22493 22703
3768 4562
29080 29895
1202 1349
25077 25297
10271 10551
27441 27667
31171 31679
9680 9875
29924 30436
31457 31476
31660 31919
4995 5864
25295 25315
25000 25795
24686 24964
9753 10259
25146 25445
6075 6312
3804 4568
4112 4144
30357 30797
24832 25736
14113 14660
14298 14788
5858 6106
12694 13512
23354 23749
1117 1402
24121 24961
25163 25835
10104 10688
31091 31853
3140 3625
13603 14450
6911 7866
9322 9649
21956 22206
10712 11598
74 891
22661 22962
1291 1473
8788 9182
13733 13928
15225 15764
27264 27331
22329 22962
17841 17926
8689 8699
7454 7957
7258 7481
20451 21115
15371 15834
2805 3804
30016 30643
16645 16916
4569 4686
22952 23039
31142 31649
23476 24289
20449 20889
5869 6257
2556 3024
4321 5183
25502 26464
14608 15595
21480 21787
10320 10641
26620 26710
28528 28606
9920 10567
14620 15505
25055 25695
17152 17534
6161 6910
29233 30194
19613 20015
1736 2171
30748 31479
13008 13330
30335 31114
6242 6376
5715 6288
29454 29607
11588 12122
28797 29085
21984 22819
31829 32255
15006 15261
861 982
4639 5183
29154 29528
12467 13366
29017 29963
21279 21387
10565 11391
1694 2065
1883 1973
21029 21192
21220 21858
1259 2064
3940 4545
20009 20918
29305 29456
542 641
28933 29701
12375 12523
10127 10404
28461 29007
8679 9510
143 728
17929 17991
13314 13645
26180 26587
10725 10940
16028 16845
23546 23976
24940 25280
3874 4528
22352 22459
4712 5466
30273 30469
28481 28666
13314 13536
28434 29376
30652 31294
6643 7156
12005 12442
4787 5255
10597 11105
29724 30492
252 701
4984 5832
4062 4348
19540 20226
15009 15912
14723 14745
4441 4822
32614 33422
3074 3090
2923 3596
26142 26482
27860 28168
23966 24885
10938 11742
22790 23248
15185 15879
14541 14628
109 594
22530 23100
27973 28499
54 920
14711 15092
21653 21895
17741 17812
30806 30993
4927 5697
29782 30771
31417 32171
8191 8460
30750 31331
4463 4728
15884 16277
22742 23352
27618 27830
2848 3345
3455 4371
24533 24882
18509 18574
26173 26513
22911 23471
5575 5703
18838 19015
15787 15919
31018 31181
6095 7062
27367 27853
744 1016
28374 28543
10209 10292
4829 5714
3712 3722
31882 31924
25927 25959
4108 4860
152 258
2178 2403
21789 21972
25977 26871
29031 29912
20911 21430
15061 15113
26397 26819
29112 29647
29749 30371
16564 17461
9833 10641
23402 23864
15852 16234
28755 29069
11964 12536
29167 30084
21216 22068
31520 31775
4590 5119
21200 21726
8657 9455
21210 22031
17609 17888
13864 14847
10419 11139
4633 5102
19339 20304
32549 32626
2351 3065
13507 14127
13926 14026
7306 7326
27936 27991
8343 8848
28160 29138
14640 14936
15127 15239
32166 32296
20467 21323
15488 16136
6872 7599
24277 24980
6989 7849
6906 6928
18906 19623
14942 15643
11537 11969
30385 30921
16331 16615
12876 13760
3252 4069
4045 5039
8970 9911
11521 12075
18593 19298
1288 1329
3371 3878
15795 16625
8886 9563
25649 26218
8054 8420
23787 24049
3269 3845
2732 3029
26472 27290
28933 28998
29972 30810
22000 22130
4912 5669
9907 10368
25309 25367
9223 10002
30260 30785
6522 7325
25294 25343
9234 9634
23946 24417
19507 19841
17290 18278
30402 31104
13439 13976
29067 29651
8743 8792
7904 7992
30996 31469
1155 1935
18094 18761
16839 16956
123 198
12529 12894
20638 21228
14308 14676
2974 3949
3070 3276
13161 14037
27965 28596
11161 11314
7334 8262
757 896
4583 5476
30267 31258
13371 13530
4125 4785
6798 7518
2697 2983
5858 6679
21805 22170
4337 4541
25915 26729
29715 30368
12905 13569
13411 13481
1341 1550
12061 12438
31367 31913
27211 27956
24623 25512
30625 31430
20272 20957
32421 33081
9957 10076
12819 13245
19844 20499
13439 14249
23016 23380
12348 12896
2707 3627
9853 10261
11763 11847
14778 14782
24548 24708
30549 31032
16503 16540
25726 25909
2033 2871
21076 21724
7191 7555
15692 16225
2729 2915
15319 15745
3373 3902
16447 16930
31213 31714
12754 13666
17987 18738
8515 8884
32276 32591
7245 7297
21659 22264
25753 26533
12904 13336
3554 4359
25768 26183
18263 18709
20902 21574
21569 21574
22162 22207
30693 30766
12930 13103
22700 23488
8886 8905
7809 8632
5152 5485
20603 21478
3619 4282
13756 13865
15004 15461
15769 16659
12063 12558
13051 13615
23427 23466
16132 16271
16800 16816
32502 32997
23127 23584
12625 12741
19411 20171
15932 16443
21775 21987
7974 8919
4760 5341
27053 27527
149 575
447 751
24068 24959
14079 14086
21830 21959
20842 21133
3550 4393
20794 21206
2934 2952
26122 26507
32290 32736
24892 25725
26601 27539
10136 11101
15234 15328
26165 26599
22619 22847
3741 3827
2016 2045
24108 24796
24569 24870
29881 30214
11988 12280
15993 16506
21478 22052
13599 14322
10796 11714
15432 15876
26551 27493
7447 8191
5735 5969
25884 26690
2551 3357
11387 12376
30521 31149
1866 2177
4259 5086
9786 10333
19467 20199
27258 27535
13743 14198
28888 29553
29816 30358
22570 22898
25472 26112
18156 18422
25809 26442
29738 30471
20848 21327
14241 14573
10906 11146
25889 25957
28749 29479
30517 31368
16650 16710
19718 20159
9946 10221
32637 33257
13711 13766
4520 5174
24140 24268
95 249
7239 7530
29991 30302
24270 25127
8278 8658
21640 21657
32376 33317
31742 32458
3314 3887
7513 7819
12773 13074
4461 4561
23381 24320
31223 32017
6539 6993
20259 20745
14519 15424
26194 26930
7642 8608
22041 22732
27363 27400
23437 24148
11800 11973
9406 9878
8376 9058
9345 9913
14559 15199
21363 22268
4777 4856
570 727
29850 30329
8462 8704
29502 30228
8313 8945
30732 30876
20314 20798
12176 13022
23088 23458
8906 9236
20373 20507
32721 33274
19977 20517
21947 22213
16113 16299
18369 19040
17119 17497
31647 31689
13076 13984
18234 18628
23620 24327
24965 24978
22169 22359
6821 7581
7930 8108
24404 25336
21900 22187
2947 3614
17785 18537
20547 20560
6641 6760
12517 13273
25711 25999
23392 23566
22590 23498
24564 24728
24379 24900
3085 3387
27612 27820
27754 28124
11377 11761
14974 15803
938 1203
14615 15599
27226 28021
17469 17971
7802 7898
6237 6715
17265 17816
5287 5523
22419 22837
31924 32785
8935 9169
32108 32407
813 1503
31015 31924
14623 15153
24338 24692
6904 7453
4565 5364
20531 21160
8562 8946
31381 32106
23664 23820
28781 29675
31802 31878
27675 28505
28866 29654
21711 21782
3945 4188
1171 1871
10531 11083
12172 12237
19414 20052
20604 21279
13060 13877
16012 16522
11178 11971
20553 21383
28520 28806
12268 13219
15073 15406
17630 17847
9061 9879
22139 22529
28622 29556
19479 19765
30887 31467
11838 12572
21396 21458
19776 20564
19949 20098
12525 13123
31405 31598
13726 14641
22411 23113
31349 31926
19814 20485
1253 1886
4070 4605
15732 16045
8289 9255
10687 11399
30715 31627
1983 2094
7442 8247
11852 12170
10201 10517
22239 22820
31298 31299
13468 13704
12066 12243
31888 32724
1168 1948
17207 17791
17805 18199
21313 22175
30443 31091
24981 25672
19303 19716
17047 17189
8985 9818
1190 1569
6670 7380
5097 6076
27187 27916
19276 19773
9332 10230
5829 6381
1318 1919
2780 2800
26530 27022
5482 6073
7475 8098
11169 11318
11059 11110
6476 7309
13424 14258
21848 22145
4565 5231
32660 33340
24134 24510
27573 28424
31179 31330
23965 24347
18417 18522
23261 23676
11629 11729
13688 14642
4355 4372
13290 13521
25510 26479
31336 31362
29665 29722
6506 6588
4213 4301
25959 26363
15940 16907
31711 32607
1389 1789
6559 6675
6585 6634
9793 10176
25142 25737
6386 7323
9249 9767
6776 7074
21769 22489
2163 2555
22578 22584
15842 16102
11064 11193
17642 18577
17908 18457
21971 22724
12707 13457
18260 18335
6981 7201
21520 21814
25924 26221
22880 23771
31830 32365
29523 29679
29604 30563
6643 7614
11308 12284
9162 9203
2916 3425
20901 21558
1312 1507
18328 19015
31925 32638
5954 6437
16735 17159
16210 16637
10720 10885
17482 17946
4970 5006
18052 18115
18367 18886
14706 14804
3735 4023
8233 8313
28226 29117
29473 30028
24462 24462
4918 5630
30955 31163
28147 28240
21709 22666
14096 14446
14162 14193
23353 23561
14117 14129
4114 4371
28066 28474
9591 10070
29243 29760
31752 31769
9498 10310
17637 18312
3335 4188
28342 28868
19597 19857
25583 25838
29272 29948
32338 33113
10466 10602
21429 21864
2383 3095
16389 16585
5525 6494
20619 20732
7647 7679
29806 29978
5428 6412
5753 6652
6483 6613
1055 1631
12770 13374
17852 18775
2760 3453
19486 19884
11736 12632
5956 6317
32687 32862
14949 15732
991 1481
24885 25789
11341 12029
14947 15332
14295 15285
27494 28199
25658 26656
29049 29807
30515 30828
5092 5971
25317 26228
19326 19457
2427 3025
17264 18226
25614 26080
22331 22468
4297 5197
12797 13545
3147 4049
29424 30064
6732 7554
31539 31714
8580 8997
18637 19516
32456 32858
751 1724
4983 5242
7033 7135
4884 5055
10688 11342
21556 21692
25230 26058
10395 10930
20843 21825
162 276
14107 15012
24028 24909
12648 13332
22776 23612
4130 4399
16105 16865
31587 32007
2373 2525
20247 20366
13803 14289
20412 20489
16873 16939
7271 7910
19357 20191
520 1452
8218 8469
5102 5234
14284 14723
11662 12405
26208 26703
16768 17471
16862 17545
6602 6869
1304 2103
28001 28743
29000 29752
28397 29172
29429 30285
14541 14879
3606 3788
14939 15770
21882 22452
2673 3394
29031 29974
17196 17590
31106 31764
19183 19588
9710 10584
11947 12575
7096 8064
29022 29233
22643 22996
29914 30039
287 952
24520 25125
6224 6594
9452 9660
24460 24738
4011 4300
26612 26862
31178 31990
5670 6281
3704 4519
7523 8432
16015 16461
13805 14183
18967 19718
4787 5403
780 1345
23088 23998
11616 12256
9873 10168
8260 8449
20758 21438
3236 3598
3258 3577
3312 3549
5142 6043
25122 25711
28291 28601
509 542
4223 5068
23186 23450
23378 24047
28425 28562
16369 17167
12702 13026
2338 2599
16106 16609
4321 5120
24164 24922
25858 25913
27687 28428
7961 8591
4086 4918
29591 30521
25981 26746
15413 16088
31193 31601
406 1295
16987 17930
18471 18497
28809 29792
9291 10038
18278 18453
22965 23185
22004 22439
2580 3045
15094 16090
14070 14461
22010 22640
6886 7458
2455 3073
7640 8065
29428 29945
26824 27580
14985 15210
23709 24326
25130 26060
28755 28861
13377 13973
14937 15720
14427 15302
10552 11055
20710 21216
12150 12717
26168 26920
26298 26972
17108 17508
28208 28658
1257 1402
2095 2716
18716 19697
15130 15446
29319 30244
31108 31973
13314 14071
5527 5878
16033 16501
950 1172
14718 15557
12385 12951
26296 27247
27993 28077
6587 6803
14853 15512
25282 25340
27413 28194
5019 5904
30053 30712
426 1139
24612 25037
10545 11493
8757 8801
5583 6175
28373 28997
13382 14314
13695 13749
29057 29250
22796 23551
19157 19229
25119 26038
13191 13201
12480 12652
29582 29718
28999 29972
25499 26447
22652 23245
10839 11663
27388 27700
24299 25137
21471 22052
13510 14293
3735 4452
5274 5402
26651 27002
18088 18361
6982 7402
4670 5566
3193 4026
30334 31100
26760 27602
24672 25480
10964 11782
507 612
20148 20700
12032 12509
12314 12918
25223 25984
24435 25006
21006 21392
27854 28725
12734 13458
28225 29067
3569 3701
17800 18084
24050 24993
26864 26971
13315 13462
13172 14127
11941 12284
37 532
3859 4162
5327 5709
6416 7179
8153 8970
8162 8979
19821 20081
25759 26150
14297 14723
10663 11012
14133 14747
8050 8413
21574 21742
3724 3995
25251 25520
25309 25767
1558 1913
31790 32041
10053 10527
26601 27188
7058 8040
26656 27371
1087 1188
27601 28444
10454 11122
23657 23750
20680 21535
25734 26592
24660 25340
5121 5588
15530 16426
1324 1758
15185 16093
26456 26465
8390 9007
4763 5558
29286 29673
2256 2850
8077 8696
2014 2263
17920 18239
4414 4841
5512 6190
2743 3299
5856 6412
23660 23899
22993 23140
12313 13168
20124 20311
13722 14203
20120 20771
4269 4887
6172 6244
21496 21677
16799 17476
11598 12438
26654 27578
10030 10590
7359 7755
9100 10053
21939 22207
29652 29654
26208 27182
12845 13446
17088 17568
16379 16862
4612 4739
3495 3542
21630 22266
4002 4654
8381 8697
1191 1638
15354 15405
28993 29443
4531 5259
29838 30447
20117 20660
23106 23568
8863 9834
3566 4254
28293 28391
21379 21963
24658 24824
26898 27110
17234 17938
30165 30564
1839 2519
27251 27987
16986 17276
13952 13994
13228 13495
30531 31447
1870 2003
957 1191
25302 25670
31206 31634
31922 32603
12602 13168
17098 17465
13940 14244
21601 21988
13466 13496
21308 21396
28473 28907
20487 20979
12786 12978
22004 22321
22837 23704
22949 23228
22605 22755
3916 4489
24733 25235
27665 28488
3625 4287
22196 22631
15704 16051
19315 19673
28152 28521
30510 30546
22402 22807
3529 3592
4767 5508
24530 25047
31724 31776
29539 29856
13306 13797
9290 10157
24730 25150
3944 4618
4951 5271
19799 20280
31043 31776
16464 17009
14327 15015
31051 31177
7125 7166
30823 30955
31632 32607
19597 20512
29935 30296
22096 22398
26317 26836
12824 13529
19557 20549
3456 3866
24012 24681
27644 27902
6591 6973
7871 8538
7327 8034
29660 29791
26810 27680
24747 24901
972 1139
11118 11855
3526 4342
22580 22663
13517 14000
23806 24222
10886 11814
24865 25329
32401 32988
3051 3208
595 1177
9865 10565
6649 7548
5416 6118
7865 8349
27483 27556
13915 13953
8125 8201
17401 18372
8919 9683
22019 22794
23876 24612
13701 14171
22802 23629
31405 31809
6764 7279
19080 19837
27510 28156
8716 9362
8057 8950
21083 21390
4416 5043
4678 5201
24770 24977
18704 19216
13313 13552
30325 30865
32561 33369
23531 23988
6173 6385
19240 19903
6343 7115
15844 16399
21838 22364
6880 7733
26901 27837
19495 20090
7970 8776
2708 2713
14788 15292
660 1085
23929 24360
13869 14773
8974 9391
16448 16776
5384 6275
23819 24406
7235 8010
23537 24369
8153 8312
24190 24527
23621 23789
2214 2651
13769 14163
1613 1699
2573 2628
2573 3402
17672 18186
10547 11455
15651 16637
14602 14959
6812 6971
4445 5367
20009 20558
22583 23252
23263 24109
15085 15213
30545 30646
14430 14485
18940 19372
24698 25279
17635 18152
11521 11661
25718 25943
22413 22990
21944 22292
20691 21570
18337 18906
15654 16441
27585 28038
6717 7301
27175 27629
29237 29481
19585 20239
16345 16547
9349 10100
26658 27412
29071 29097
27898 28504
2443 2462
15685 16067
2325 3068
17954 18320
3807 4503
10606 10964
18003 18563
15755 15845
1402 1735
14943 15090
541 1161
14239 14702
25130 25571
24653 25273
11096 11149
32639 33482
22030 22943
19043 19589
1922 2204
2944 3762
14110 14787
4926 5881
17191 17772
4521 5125
14496 14891
15730 16481
21100 21298
27702 28026
29620 30231
3 112
8584 8598
19993 20756
16329 17275
25325 26300
5446 5467
18292 18895
23333 23701
11165 12047
23429 23994
6688 7524
25441 26250
6518 7237
2999 3996
24104 24139
7658 7825
29261 29625
5990 6189
30286 30700
4226 4409
24301 24553
2730 3315
21638 21791
27069 27485
6036 6695
7348 8156
3702 4570
14725 15724
24692 25551
4166 4430
16893 17871
31126 31163
22066 22347
25657 26190
18857 19229
26114 26289
2666 2915
21494 22340
16702 16738
9646 9675
28714 29200
10237 10642
23094 23169
17107 18055
6258 6525
22113 22769
59 662
29566 30203
16059 16728
29514 29637
19887 20236
12817 13084
9581 9795
29042 29053
20517 20633
9664 10032
16999 17082
12968 13900
7397 8365
23316 24213
15227 15410
26704 27637
13676 13865
19563 20505
13039 13125
17377 18320
15338 15460
14966 15097
25597 26512
30565 31494
30658 30980
21690 22147
3923 4005
1533 1836
10765 11122
12816 13157
14228 14595
25690 26024
12823 13671
6438 6622
11734 12507
26949 27862
481 778
6395 7017
28194 28994
3609 4000
25245 26193
29030 29533
19447 19779
32579 32950
2357 3238
19343 19912
28359 29082
31945 32612
31429 32257
17012 17632
7800 7986
2752 3042
16668 16751
15206 16130
24548 24617
29140 29202
28479 29139
3722 3765
24922 25585
4036 4903
30182 30498
32601 32726
14107 14550
30691 31145
18429 18566
1312 1610
26590 27588
25496 26002
20260 21013
25472 25719
18764 19598
29407 29653
12335 13215
4847 5716
11396 11984
15558 16482
24487 25453
31029 31909
23193 23288
12273 12821
1607 2526
29168 29921
24847 25710
17174 17342
13696 14641
10001 10286
11873 12296
30082 30504
27637 27807
14685 15248
32382 32986
8082 8403
27136 27639
14573 14999
5959 6494
4922 5442
22059 22441
28078 28160
21779 22130
3202 3423
12728 13325
28641 28935
1836 2752
29188 29363
7450 8370
4252 4684
7247 7668
25968 26440
27769 28200
4679 5291
7983 8283
9224 9264
3122 3224
12576 13444
755 1303
14116 14204
13653 13665
31671 32458
16307 16381
29871 30671
29221 29809
31603 32245
16127 16560
20391 20897
29339 29426
11532 12146
6233 6837
30881 31069
12515 13234
18703 18959
7606 8294
20035 20565
26078 26403
23645 23944
14336 15207
7625 8322
19870 20867
12459 13237
5015 5798
13185 13535
15341 16210
1284 2147
7371 7555
15182 15403
199 368
5698 6111
19556 20078
28969 29915
7387 8125
30617 30776
17435 18168
8603 9511
17934 18736
15116 15403
15134 15428
31300 31944
15352 15666
27126 27942
14991 15448
10839 11338
27748 27809
19843 20071
10758 11240
21276 21493
26580 27398
1844 2027
11274 11340
18541 19188
9724 9913
31070 31176
19100 19108
8505 9175
6722 6744
32683 33100
29613 29898
6148 6705
6213 7206
30616 30765
17826 18041
15205 15460
2130 2327
6390 7136
11223 11719
28295 29065
27632 27645
7785 8443
19226 19406
14760 14873
12885 13775
15852 16021
15915 16433
27293 27633
23791 24030
29002 29185
8771 9358
1356 2343
29660 29999
3750 4231
29578 30135
1072 1614
19058 19716
12533 12765
14750 15032
26841 27609
5049 5997
28799 29399
1043 1494
7273 8168
18156 18521
27489 27779
14062 14971
8216 8358
21499 21807
7694 7969
10025 10332
3505 3836
10251 10359
3017 3548
1843 2077
26643 27244
500 562
14124 14387
9069 9897
15281 15496
5826 6063
27301 28293
28333 28810
3859 4018
1590 1590
20724 21533
24254 24735
9042 9258
8002 8949
23982 24338
6366 6538
1184 1940
29840 29999
1469 1667
28223 29135
27325 27488
16636 17025
18398 18996
10375 10410
27011 27362
7189 7332
1313 1635
9808 10071
29019 29168
32416 33240
10604 11367
18345 18561
8134 8384
5909 6675
9208 9212
10899 11012
24533 25313
28191 29078
12243 13154
14213 14989
23217 23654
23328 23393
27741 27980
32232 32589
14356 15312
18604 19589
17867 17930
24731 25129
11982 12953
18697 18942
11687 11761
4720 4774
25921 26899
31413 32039
9037 9790
25261 26135
8677 9455
15584 15743
3183 4031
22925 23768
19397 20032
13294 13805
23955 24084
9404 9907
15104 15622
7670 8457
4752 5503
21471 22350
22856 22932
30534 31404
30484 30992
25865 26051
4711 4852
28380 28795
16161 16317
8519 8608
5301 5895
10990 11304
28555 28875
18709 19238
24995 25055
23907 24323
5756 6464
4326 4970
11828 11862
10328 11274
21488 22305
28065 28153
4990 5157
21148 21806
12857 13821
12574 12949
3885 3999
19509 20416
20092 20881
30381 30770
21505 21749
729 1485
20786 21195
24464 25317
27211 28200
1653 2437
13993 14801
8059 8160
8307 8747
32169 32714
26496 26591
22811 23776
19317 20199
27210 28074
8494 9437
19085 19833
22368 22423
15839 15870
11900 12169
18914 19677
10198 10379
15908 16283
28678 29614
4513 5240
18574 18989
14730 15060
13502 13900
23877 24216
28117 29112
2997 3128
25193 26176
21947 22663
17673 18094
29181 30174
28192 28224
19942 20018
5404 6198
12270 12350
9424 10338
20251 20707
12055 12244
967 1070
17339 18315
30117 31007
11925 12114
27391 28105
24821 24954
7489 7880
2628 3001
14011 14309
9191 9658
23971 24148
29799 29914
28761 29082
19919 20860
22255 22709
2902 2935
3561 3808
4670 5396
20033 20329
23036 23875
30383 31070
16281 17153
6695 7474
10328 11215
22434 22564
14233 15063
24353 25324
7165 7541
18415 19002
14283 15061
7207 7850
10387 10711
15735 16552
29201 30001
1827 2209
20563 21061
20813 21302
29982 30454
14707 15117
13455 14267
21561 22138
25854 26790
11369 11641
30247 30929
13112 13382
908 1116
1483 1569
26133 26514
11257 12120
2298 3207
13395 14120
1506 2095
20833 20993
19533 19995
23599 24554
22575 23211
24584 25304
15325 16183
4994 5108
301 1078
25275 25797
9689 9729
28385 28752
14117 14514
9976 10544
20674 20927
24023 24602
753 1698
372 408
25580 25974
22370 22744
20609 20631
25240 25317
8192 8883
22132 22643
20311 20891
15104 15736
26492 27062
9843 10592
8971 9711
12283 13231
5937 5995
32697 33651
25544 25582
8205 8257
11971 12351
29717 29720
28365 28872
30576 30737
18733 19289
11080 12009
1773 2424
21647 22365
25915 26336
28552 28802
17679 18560
31882 32501
32270 32607
2561 3098
22703 23450
8117 8863
29596 29846
28495 28960
6235 6270
28185 28342
17197 17794
15365 15643
25142 25798
31729 31927
4063 5000
297 326
19577 20046
30253 30746
31523 31656
24757 25220
9709 10069
9971 10689
19773 19940
31256 31554
18034 18759
18969 18977
28104 29085
9907 10363
12155 12892
12717 13571
11312 11336
1629 2627
31888 32447
14957 15807
22582 23553
23519 23909
9163 9201
4175 5109
10863 11104
14712 15502
1627 1660
17146 17171
31941 32842
32091 32665
20740 21114
10827 10899
21237 21844
7724 7777
11421 12269
6865 6899
13072 13782
18310 18659
16017 16134
27217 27876
19962 20642
18040 18411
31071 31199
17475 18365
30702 31274
17923 18347
15641 16097
20051 20350
28920 29025
23454 23456
18408 19079
7394 8151
32121 32813
25523 26183
30343 31147
30594 31119
20134 20316
11807 12337
21700 21750
28029 28839
15113 15580
31414 31428
32258 32305
14926 15741
18175 18667
17852 18490
19897 19902
31270 31298
32056 32109
25709 26264
24564 25048
11881 12109
5947 6179
29046 29409
25042 25520
4655 5015
30175 30560
2425 2529
12806 12888
16068 16799
27091 27091
22413 23380
20824 21058
8231 8452
19479 19898
29116 29366
8994 9406
14735 14800
26240 26281
1411 1897
32211 32712
14817 15767
11320 11399
21590 22188
2927 3832
24635 25164
16956 17610
25 471
31244 31929
12397 12942
22492 22695
10152 10329
31831 31852
30586 31516
20286 21196
21328 21828
6669 7515
8220 9039
13788 14648
12628 13316
20611 20880
22333 23085
3329 4295
8809 9557
799 1285
126 631
25168 25319
5690 5906
15324 15939
31412 31661
14397 15031
14309 14456
15305 15723
13414 13453
16018 16083
27259 27969
23435 23465
4177 4953
23276 23515
5508 6267
15319 15333
6628 7135
315 738
16761 17456
17913 18818
2501 2849
23621 23880
1096 1789
31823 32047
6730 6780
17955 18009
15828 16813
6862 7618
11264 12073
4291 4861
9330 9915
1917 2898
14887 15608
7781 7824
8558 9485
4853 4864
7987 8840
18974 19135
32131 32211
2279 2496
10573 11161
8280 8490
23910 24725
4246 5132
32464 33123
26447 26525
3644 4420
23896 24170
21197 22183
30613 30903
8735 9405
12058 12753
27016 28002
25743 26412
23710 24412
8921 9374
27897 28887
29943 30117
28474 28659
21289 22021
4427 5162
27480 28084
1513 1847
18610 19032
2400 2533
7829 7993
9110 9779
15022 15376
19275 20080
25186 25393
20127 20597
8044 8975
9429 9851
16328 16705
3414 3710
3280 3831
8185 9156
32166 32481
12929 12939
26833 27426
14184 14852
31019 32013
31195 31776
27130 27929
23301 23498
20061 20211
29840 30511
26602 27126
17513 18398
20629 21137
17860 18190
31699 32402
7009 7985
21248 21884
12045 12512
28926 29288
27243 27865
16672 16804
27892 28472
1350 1594
25405 26055
1865 2836
25464 26347
31129 32104
29502 30250
19236 20050
6796 6949
29306 29797
10251 10370
29743 29990
2708 2831
10369 11082
25587 25982
1083 1500
14571 15095
26842 27387
25211 25695
16365 16458
9312 9905
26050 26559
3291 3964
10046 10310
436 1047
22285 22840
7807 8173
15868 16023
18462 19303
27298 27801
6535 7218
9286 9536
3528 4244
1277 1476
2888 2971
32531 32568
13391 13664
20908 21825
8392 9085
12459 12845
25926 25928
9171 9188
2886 3477
24876 25197
24244 25177
9897 10661
13488 13806
22279 22797
3985 4196
24056 24398
17450 17649
8065 8339
1101 1712
30369 30769
29326 29463
1843 2574
9033 9638
26389 26720
12007 12895
25226 25258
14684 15611
24541 24708
4852 5048
9800 10702
22096 23075
3091 3144
10155 10803
20480 21317
31075 31818
8679 9549
31156 31856
7838 7946
3526 4138
17179 17308
32234 32261
6877 6942
14112 14447
11656 11681
17886 17931
28623 29496
28172 29143
15254 15770
1107 1953
4952 5502
27799 28052
13511 14085
25026 25935
16051 16167
27332 28299
28205 28889
8408 9247
14060 15047
11016 11365
15088 15145
4851 5276
25956 26348
22222 22577
11465 11790
23721 23994
16465 17189
10995 11704
9353 9753
2625 2751
827 1439
29771 29833
12947 13086
29751 30738
14208 14599
23579 23725
18269 18893
29629 30358
3281 4260
1181 1464
13300 13777
26421 26431
435 899
30079 30206
31349 32067
1720 2030
23551 24026
22628 23133
28308 28660
2194 2395
29025 29917
1377 1957
9753 10479
5571 6054
16349 17222
24449 24500
14686 15069
3711 4446
22085 22982
322 1062
21459 22152
7855 8572
3268 3646
14613 14733
5242 5522
8814 9390
3415 3778
21986 22246
15979 16517
23181 24157
11343 11986
17282 17989
14672 15225
28944 29905
4304 4712
30532 31294
25066 25506
19886 20857
11605 11853
11368 11547
10891 11648
14933 14973
2090 2558
28839 29314
2970 3846
22436 23069
21488 21600
169 220
17426 17869
24943 25440
22556 22728
29837 30392
27139 27384
17214 17742
10617 10655
15461 15631
19216 19311
31950 32535
12961 13855
27831 28558
7407 7605
22159 23099
3208 3569
23293 23785
32236 32386
26148 26433
9969 10359
2598 3131
17766 18498
25318 25762
16631 17355
26387 26416
9296 10238
19042 19613
12678 13264
21786 22292
5554 6151
21718 22705
32735 32764
2694 2954
7974 8616
14776 15343
19479 19997
15638 16128
24923 25161
17455 17526
1944 2785
7802 8479
30869 31453
14231 14885
32159 32438
10457 11435
11563 12143
1026 1719
11196 11673
15181 16145
29703 30533
19122 19840
27221 27256
1637 1837
16170 16605
12960 13089
25892 26770
18594 18842
7717 7973
3320 3946
25525 26259
23291 23820
11937 12225
18842 19419
25064 25688
3417 4150
23768 24499
15258 15667
30837 31818
21275 22236
29722 30428
11713 11883
5475 6125
16276 17067
32585 32645
18186 18994
1167 1365
21128 21422
31070 31882
16166 16855
18476 18659
5299 6136
19938 20706
25337 25483
16701 17587
1089 1765
10612 11152
26906 27717
10268 11266
20823 21698
6729 7238
5719 6373
21751 21999
27273 28057
168 742
12846 13594
22606 22960
22881 23719
20330 20872
19285 20085
25462 25761
28383 28687
7297 8129
19508 20310
281 530
16371 17349
365 1119
24422 25339
7603 8551
29189 29758
19400 19574
9275 9277
24598 24958
22381 22587
32187 32712
13113 13420
20968 21535
23547 24498
7814 7933
29334 29991
22560 23084
16753 16855
23293 23880
15039 15525
31628 32013
11268 11396
30214 31068
19156 19687
334 784
32478 33109
2332 2928
3370 3805
21338 21626
2207 2679
5326 6206
11208 11766
14586 15553
32728 33118
24896 25874
29931 30706
24394 25066
20366 20755
11945 11972
3970 4521
12732 12931
13245 14029
13780 13823
32690 33474
661 1515
9682 10085
30880 31812
31571 32022
879 1392
6448 7186
25215 25980
3697 4267
3509 3989
1964 1996
14587 14802
4044 4850
15146 15514
19985 20233
23596 23855
25944 26266
20066 20212
22685 22717
22339 22605
6334 6748
27462 28048
8065 8322
16642 16838
15321 15575
8084 8286
29541 30190
27714 28596
7482 7890
15198 15243
6626 7523
26732 27080
19620 20469
31111 31715
14854 15413
20992 21044
28561 28922
30793 30965
6356 7329
29457 30153
26028 26302
433 1222
9666 10250
13255 13619
15700 16001
9248 9589
22329 23307
23260 24009
30751 31445
6860 7551
22296 23233
7711 8502
8021 8752
1598 2570
32560 32757
756 780
10352 10496
29906 30356
9673 10071
3794 4429
10659 10921
15162 15786
14877 15136
18371 18754
24144 24231
7419 7546
12504 13068
1256 1957
31633 32268
17646 18435
16542 17159
3826 4712
21680 21959
3520 3936
28292 28853
4266 5116
20398 21063
6770 7057
27286 28242
22379 23348
10688 11245
16090 16748
15440 15961
25506 26376
3021 3736
14369 14510
16165 16374
18773 19396
28401 28488
13635 14347
28411 28941
24729 24760
20733 21684
12178 12692
1196 1929
17946 18886
14581 14582
4915 5197
25223 25864
11159 11417
2961 3939
14238 14810
20685 20778
30819 31808
12221 12869
10274 11124
2613 3127
14821 15200
793 1186
15456 15968
6248 6719
25625 25993
7801 8410
204 531
133 1103
25101 25636
27238 27966
28463 28882
16286 17196
30309 30685
923 1261
30503 31404
5946 6577
27607 28572
28553 29182
22181 22391
10705 10969
5552 6284
8404 9347
17005 17615
26451 26920
8269 9213
19411 19816
24218 25028
18849 19059
12706 12754
2836 2969
1816 2242
24850 25069
22967 23237
21461 21826
26664 27295
12527 12952
21286 22134
14988 15381
26336 26538
23544 24395
5023 5458
1889 2866
22952 23312
8413 8711
11364 11575
6831 7136
4286 4598
9926 10754
31437 31618
8582 9486
11955 12243
6603 7549
10437 10451
6699 7116
20716 21684
6012 6287
32074 32674
10390 10707
2081 2791
27482 27641
31985 32933
15092 15354
8417 8817
7004 8000
23136 23595
32291 33136
15372 16089
17516 18088
14035 14430
8761 9599
14168 14732
18152 19036
12952 13089
28413 29236
26061 26352
17185 18176
19859 20836
10347 10592
6217 6842
26079 27016
6074 6881
17204 18130
30204 30681
1243 1736
12697 12963
26940 27716
9453 10354
2883 3851
7375 7826
19995 20491
17012 17340
13881 14861
23695 23890
21405 22193
11197 11841
8532 8617
26145 26179
32322 33268
5707 5859
8990 9341
24927 25536
14782 15268
30835 31751
31125 31995
14648 14937
28026 28731
